Determining if the pthread_create exist failed with the following output:
Change Dir: /home/hendaafia2/ascobothub/look_to_point/build/catkin_tools_prebuild/CMakeFiles/CMakeTmp

Run Build Command:"/usr/bin/make" "cmTC_0bfdd/fast"
/usr/bin/make -f CMakeFiles/cmTC_0bfdd.dir/build.make CMakeFiles/cmTC_0bfdd.dir/build
make[1]: Entering directory '/home/hendaafia2/ascobothub/look_to_point/build/catkin_tools_prebuild/CMakeFiles/CMakeTmp'
Building C object CMakeFiles/cmTC_0bfdd.dir/CheckSymbolExists.c.o
/usr/bin/cc    -o CMakeFiles/cmTC_0bfdd.dir/CheckSymbolExists.c.o   -c /home/hendaafia2/ascobothub/look_to_point/build/catkin_tools_prebuild/CMakeFiles/CMakeTmp/CheckSymbolExists.c
Linking C executable cmTC_0bfdd
/usr/bin/cmake -E cmake_link_script CMakeFiles/cmTC_0bfdd.dir/link.txt --verbose=1
/usr/bin/cc      -rdynamic CMakeFiles/cmTC_0bfdd.dir/CheckSymbolExists.c.o  -o cmTC_0bfdd 
CMakeFiles/cmTC_0bfdd.dir/CheckSymbolExists.c.o: In function `main':
CheckSymbolExists.c:(.text+0x1b): undefined reference to `pthread_create'
collect2: error: ld returned 1 exit status
CMakeFiles/cmTC_0bfdd.dir/build.make:97: recipe for target 'cmTC_0bfdd' failed
make[1]: *** [cmTC_0bfdd] Error 1
make[1]: Leaving directory '/home/hendaafia2/ascobothub/look_to_point/build/catkin_tools_prebuild/CMakeFiles/CMakeTmp'
Makefile:126: recipe for target 'cmTC_0bfdd/fast' failed
make: *** [cmTC_0bfdd/fast] Error 2

File /home/hendaafia2/ascobothub/look_to_point/build/catkin_tools_prebuild/CMakeFiles/CMakeTmp/CheckSymbolExists.c:
/* */
#include <pthread.h>

int main(int argc, char** argv)
{
  (void)argv;
#ifndef pthread_create
  return ((int*)(&pthread_create))[argc];
#else
  (void)argc;
  return 0;
#endif
}

Determining if the function pthread_create exists in the pthreads failed with the following output:
Change Dir: /home/hendaafia2/ascobothub/look_to_point/build/catkin_tools_prebuild/CMakeFiles/CMakeTmp

Run Build Command:"/usr/bin/make" "cmTC_4b48b/fast"
/usr/bin/make -f CMakeFiles/cmTC_4b48b.dir/build.make CMakeFiles/cmTC_4b48b.dir/build
make[1]: Entering directory '/home/hendaafia2/ascobothub/look_to_point/build/catkin_tools_prebuild/CMakeFiles/CMakeTmp'
Building C object CMakeFiles/cmTC_4b48b.dir/CheckFunctionExists.c.o
/usr/bin/cc   -DCHECK_FUNCTION_EXISTS=pthread_create   -o CMakeFiles/cmTC_4b48b.dir/CheckFunctionExists.c.o   -c /usr/share/cmake-3.10/Modules/CheckFunctionExists.c
Linking C executable cmTC_4b48b
/usr/bin/cmake -E cmake_link_script CMakeFiles/cmTC_4b48b.dir/link.txt --verbose=1
/usr/bin/cc  -DCHECK_FUNCTION_EXISTS=pthread_create    -rdynamic CMakeFiles/cmTC_4b48b.dir/CheckFunctionExists.c.o  -o cmTC_4b48b -lpthreads 
/usr/bin/ld: cannot find -lpthreads
collect2: error: ld returned 1 exit status
CMakeFiles/cmTC_4b48b.dir/build.make:97: recipe for target 'cmTC_4b48b' failed
make[1]: *** [cmTC_4b48b] Error 1
make[1]: Leaving directory '/home/hendaafia2/ascobothub/look_to_point/build/catkin_tools_prebuild/CMakeFiles/CMakeTmp'
Makefile:126: recipe for target 'cmTC_4b48b/fast' failed
make: *** [cmTC_4b48b/fast] Error 2


